<?xml version="1.0" encoding="UTF-8"?>
<!-- Generated by org.testng.reporters.JUnitXMLReporter -->
<testsuite ignored="0" hostname="LAPTOP-VPOTLM74" failures="0" tests="3" name="Test456" time="40.65" errors="0" timestamp="2023-02-05T01:32:52 IST">
  <testcase classname="TestNGTest.TestNGClass" name="CreatePlayList" time="6.859"/>
  <testcase classname="TestNGTest.TestNGClass" name="ListenSong" time="5.596"/>
  <testcase classname="TestNGTest.TestNGClass" name="NotificationOnOF" time="11.102"/>
</testsuite> <!-- Test456 -->
