<?xml version="1.0" encoding="UTF-8"?>
<!-- Generated by org.testng.reporters.JUnitXMLReporter -->
<testsuite ignored="0" hostname="LAPTOP-VPOTLM74" failures="0" tests="6" name="Test440" time="84.451" errors="0" timestamp="2023-02-06T23:48:54 IST">
  <testcase classname="TestNGTest.TestNGClass" name="CreatePlayList" time="6.977"/>
  <testcase classname="TestNGTest.TestNGClass" name="ListenSong" time="5.218"/>
  <testcase classname="TestNGTest.TestNGClass" name="NotificationOnOF" time="9.616"/>
  <testcase classname="TestNGTest.DemoTestNGClass" name="CreatePlayList" time="8.239"/>
  <testcase classname="TestNGTest.DemoTestNGClass" name="ListenSong" time="5.417"/>
  <testcase classname="TestNGTest.DemoTestNGClass" name="NotificationOnOF" time="9.945"/>
</testsuite> <!-- Test440 -->
